[ 2017-02-08T15:26:37+08:00 ] 127.0.0.1 /
INFO: [ app_init ] --START--
INFO: Run Behavior\BuildLiteBehavior [ RunTime:0.000005s ]
INFO: [ app_init ] --END-- [ RunTime:0.000179s ]
INFO: [ app_begin ] --START--
INFO: Run Behavior\ReadHtmlCacheBehavior [ RunTime:0.000274s ]
INFO: [ app_begin ] --END-- [ RunTime:0.000300s ]
NOTIC: [2] Declaration of Home\Controller\CommonController::error($message = '') should be compatible with Think\Controller::error($message = '', $jumpUrl = '', $ajax = false) /Applications/XAMPP/xamppfiles/htdocs/ui-space/Application/Home/Controller/CommonController.class.php 第 24 行.
SQL: SHOW COLUMNS FROM `us_class` [ RunTime:0.0005s ]
SQL: SELECT * FROM `us_class` WHERE `parent_id` = 0 AND `status` = 1 ORDER BY listorder desc, class_id asc  [ RunTime:0.0002s ]
SQL: SELECT * FROM `us_class` WHERE `parent_id` = '9' AND `status` = 1 ORDER BY listorder desc, class_id asc  [ RunTime:0.0002s ]
SQL: SHOW COLUMNS FROM `us_content` [ RunTime:0.0004s ]
SQL: SELECT count(*) as total FROM `us_content` WHERE ( s2=1 ) LIMIT 1   [ RunTime:0.0002s ]
SQL: SELECT count(*) as total FROM `us_content` WHERE ( s2=10 ) LIMIT 1   [ RunTime:0.0002s ]
SQL: SELECT count(*) as total FROM `us_content` WHERE ( s2=11 ) LIMIT 1   [ RunTime:0.0001s ]
SQL: SELECT count(*) as total FROM `us_content` WHERE ( s2=12 ) LIMIT 1   [ RunTime:0.0001s ]
SQL: SELECT * FROM `us_class` WHERE `parent_id` = '13' AND `status` = 1 ORDER BY listorder desc, class_id asc  [ RunTime:0.0002s ]
SQL: SELECT count(*) as total FROM `us_content` WHERE ( s2=14 ) LIMIT 1   [ RunTime:0.0002s ]
SQL: SELECT count(*) as total FROM `us_content` WHERE ( s2=15 ) LIMIT 1   [ RunTime:0.0001s ]
SQL: SELECT count(*) as total FROM `us_content` WHERE ( s2=16 ) LIMIT 1   [ RunTime:0.0001s ]
SQL: SELECT count(*) as total FROM `us_content` WHERE ( s2=17 ) LIMIT 1   [ RunTime:0.0001s ]
SQL: SELECT * FROM `us_class` WHERE `parent_id` = '18' AND `status` = 1 ORDER BY listorder desc, class_id asc  [ RunTime:0.0002s ]
SQL: SELECT count(*) as total FROM `us_content` WHERE ( s2=19 ) LIMIT 1   [ RunTime:0.0001s ]
SQL: SELECT count(*) as total FROM `us_content` WHERE ( s2=20 ) LIMIT 1   [ RunTime:0.0001s ]
SQL: SELECT count(*) as total FROM `us_content` WHERE ( s2=21 ) LIMIT 1   [ RunTime:0.0001s ]
SQL: SELECT count(*) as total FROM `us_content` WHERE ( s2=22 ) LIMIT 1   [ RunTime:0.0001s ]
NOTIC: [8] Undefined index: c1 /Applications/XAMPP/xamppfiles/htdocs/ui-space/Application/Home/Controller/IndexController.class.php 第 12 行.
NOTIC: [8] Undefined index: c2 /Applications/XAMPP/xamppfiles/htdocs/ui-space/Application/Home/Controller/IndexController.class.php 第 13 行.
NOTIC: [8] Undefined index: c3 /Applications/XAMPP/xamppfiles/htdocs/ui-space/Application/Home/Controller/IndexController.class.php 第 14 行.
NOTIC: [8] Undefined index: status /Applications/XAMPP/xamppfiles/htdocs/ui-space/Application/Common/Model/ClassModel.class.php 第 23 行.
SQL: SELECT * FROM `us_class` WHERE `parent_id` = '1' AND `status` <> -1 ORDER BY listorder desc, class_id asc LIMIT 0,1000   [ RunTime:0.0002s ]
SQL: SELECT * FROM `us_class` WHERE `class_id` = '1' LIMIT 1   [ RunTime:0.0001s ]
SQL: SELECT * FROM `us_class` WHERE `class_id` = '1' LIMIT 1   [ RunTime:0.0001s ]
NOTIC: [8] Undefined index: status /Applications/XAMPP/xamppfiles/htdocs/ui-space/Application/Common/Model/contentModel.class.php 第 62 行.
SQL: SELECT COUNT(*) AS tp_count FROM `us_content` WHERE `s1` = '9' AND `s2` = '1' AND `s3` = '23' AND `status` <> -1 LIMIT 1   [ RunTime:0.0001s ]
NOTIC: [8] Undefined index: p /Applications/XAMPP/xamppfiles/htdocs/ui-space/Application/Home/Controller/IndexController.class.php 第 47 行.
NOTIC: [8] Undefined index: pageSize /Applications/XAMPP/xamppfiles/htdocs/ui-space/Application/Home/Controller/IndexController.class.php 第 48 行.
NOTIC: [8] Undefined index: status /Applications/XAMPP/xamppfiles/htdocs/ui-space/Application/Common/Model/contentModel.class.php 第 23 行.
SQL: SELECT * FROM `us_content` WHERE `s1` = '9' AND `s2` = '1' AND `s3` = '23' AND `status` <> -1 ORDER BY listorder desc, class_id asc LIMIT 0,12   [ RunTime:0.0002s ]
SQL: SELECT * FROM `us_class` WHERE `class_id` = '23' LIMIT 1   [ RunTime:0.0001s ]
SQL: SELECT * FROM `us_class` WHERE `class_id` = '1' LIMIT 1   [ RunTime:0.0001s ]
SQL: SELECT * FROM `us_class` WHERE `class_id` = '9' LIMIT 1   [ RunTime:0.0001s ]
SQL: SELECT * FROM `us_class` WHERE `class_id` = '23' LIMIT 1   [ RunTime:0.0001s ]
SQL: SELECT * FROM `us_class` WHERE `class_id` = '1' LIMIT 1   [ RunTime:0.0001s ]
SQL: SELECT * FROM `us_class` WHERE `class_id` = '9' LIMIT 1   [ RunTime:0.0001s ]
SQL: SELECT * FROM `us_class` WHERE `class_id` = '23' LIMIT 1   [ RunTime:0.0001s ]
SQL: SELECT * FROM `us_class` WHERE `class_id` = '1' LIMIT 1   [ RunTime:0.0001s ]
SQL: SELECT * FROM `us_class` WHERE `class_id` = '9' LIMIT 1   [ RunTime:0.0001s ]
SQL: SELECT * FROM `us_class` WHERE `class_id` = '23' LIMIT 1   [ RunTime:0.0001s ]
SQL: SELECT * FROM `us_class` WHERE `class_id` = '1' LIMIT 1   [ RunTime:0.0001s ]
SQL: SELECT * FROM `us_class` WHERE `class_id` = '9' LIMIT 1   [ RunTime:0.0001s ]
SQL: SELECT * FROM `us_class` WHERE `class_id` = '23' LIMIT 1   [ RunTime:0.0001s ]
SQL: SELECT * FROM `us_class` WHERE `class_id` = '1' LIMIT 1   [ RunTime:0.0001s ]
SQL: SELECT * FROM `us_class` WHERE `class_id` = '9' LIMIT 1   [ RunTime:0.0001s ]
SQL: SELECT * FROM `us_class` WHERE `class_id` = '23' LIMIT 1   [ RunTime:0.0001s ]
SQL: SELECT * FROM `us_class` WHERE `class_id` = '1' LIMIT 1   [ RunTime:0.0001s ]
SQL: SELECT * FROM `us_class` WHERE `class_id` = '9' LIMIT 1   [ RunTime:0.0001s ]
SQL: SELECT * FROM `us_class` WHERE `class_id` = '23' LIMIT 1   [ RunTime:0.0001s ]
SQL: SELECT * FROM `us_class` WHERE `class_id` = '1' LIMIT 1   [ RunTime:0.0001s ]
SQL: SELECT * FROM `us_class` WHERE `class_id` = '9' LIMIT 1   [ RunTime:0.0001s ]
SQL: SELECT * FROM `us_class` WHERE `class_id` = '23' LIMIT 1   [ RunTime:0.0001s ]
SQL: SELECT * FROM `us_class` WHERE `class_id` = '1' LIMIT 1   [ RunTime:0.0001s ]
SQL: SELECT * FROM `us_class` WHERE `class_id` = '9' LIMIT 1   [ RunTime:0.0001s ]
SQL: SELECT * FROM `us_class` WHERE `class_id` = '23' LIMIT 1   [ RunTime:0.0001s ]
SQL: SELECT * FROM `us_class` WHERE `class_id` = '1' LIMIT 1   [ RunTime:0.0001s ]
SQL: SELECT * FROM `us_class` WHERE `class_id` = '9' LIMIT 1   [ RunTime:0.0001s ]
SQL: SELECT * FROM `us_class` WHERE `class_id` = '23' LIMIT 1   [ RunTime:0.0001s ]
SQL: SELECT * FROM `us_class` WHERE `class_id` = '1' LIMIT 1   [ RunTime:0.0001s ]
SQL: SELECT * FROM `us_class` WHERE `class_id` = '9' LIMIT 1   [ RunTime:0.0001s ]
SQL: SELECT * FROM `us_class` WHERE `class_id` = '23' LIMIT 1   [ RunTime:0.0001s ]
SQL: SELECT * FROM `us_class` WHERE `class_id` = '1' LIMIT 1   [ RunTime:0.0001s ]
SQL: SELECT * FROM `us_class` WHERE `class_id` = '9' LIMIT 1   [ RunTime:0.0001s ]
SQL: SELECT * FROM `us_class` WHERE `class_id` = '23' LIMIT 1   [ RunTime:0.0001s ]
SQL: SELECT * FROM `us_class` WHERE `class_id` = '1' LIMIT 1   [ RunTime:0.0001s ]
SQL: SELECT * FROM `us_class` WHERE `class_id` = '9' LIMIT 1   [ RunTime:0.0001s ]
INFO: [ view_parse ] --START--
INFO: [ template_filter ] --START--
INFO: Run Behavior\ContentReplaceBehavior [ RunTime:0.000041s ]
INFO: [ template_filter ] --END-- [ RunTime:0.000057s ]
NOTIC: [2] Missing argument 3 for gethomeMenuUrl(), called in /Applications/XAMPP/xamppfiles/htdocs/ui-space/Application/Runtime/Cache/Home/2a94b8bda04ff446dcedd42276fc99ee.php on line 39 and defined /Applications/XAMPP/xamppfiles/htdocs/ui-space/Application/Common/Common/function.php 第 125 行.
NOTIC: [8] Undefined variable: c3 /Applications/XAMPP/xamppfiles/htdocs/ui-space/Application/Common/Common/function.php 第 126 行.
NOTIC: [2] Missing argument 3 for gethomeMenuUrl(), called in /Applications/XAMPP/xamppfiles/htdocs/ui-space/Application/Runtime/Cache/Home/2a94b8bda04ff446dcedd42276fc99ee.php on line 39 and defined /Applications/XAMPP/xamppfiles/htdocs/ui-space/Application/Common/Common/function.php 第 125 行.
NOTIC: [8] Undefined variable: c3 /Applications/XAMPP/xamppfiles/htdocs/ui-space/Application/Common/Common/function.php 第 126 行.
NOTIC: [2] Missing argument 3 for gethomeMenuUrl(), called in /Applications/XAMPP/xamppfiles/htdocs/ui-space/Application/Runtime/Cache/Home/2a94b8bda04ff446dcedd42276fc99ee.php on line 39 and defined /Applications/XAMPP/xamppfiles/htdocs/ui-space/Application/Common/Common/function.php 第 125 行.
NOTIC: [8] Undefined variable: c3 /Applications/XAMPP/xamppfiles/htdocs/ui-space/Application/Common/Common/function.php 第 126 行.
NOTIC: [2] Missing argument 3 for gethomeMenuUrl(), called in /Applications/XAMPP/xamppfiles/htdocs/ui-space/Application/Runtime/Cache/Home/2a94b8bda04ff446dcedd42276fc99ee.php on line 39 and defined /Applications/XAMPP/xamppfiles/htdocs/ui-space/Application/Common/Common/function.php 第 125 行.
NOTIC: [8] Undefined variable: c3 /Applications/XAMPP/xamppfiles/htdocs/ui-space/Application/Common/Common/function.php 第 126 行.
NOTIC: [2] Missing argument 3 for gethomeMenuUrl(), called in /Applications/XAMPP/xamppfiles/htdocs/ui-space/Application/Runtime/Cache/Home/2a94b8bda04ff446dcedd42276fc99ee.php on line 39 and defined /Applications/XAMPP/xamppfiles/htdocs/ui-space/Application/Common/Common/function.php 第 125 行.
NOTIC: [8] Undefined variable: c3 /Applications/XAMPP/xamppfiles/htdocs/ui-space/Application/Common/Common/function.php 第 126 行.
NOTIC: [2] Missing argument 3 for gethomeMenuUrl(), called in /Applications/XAMPP/xamppfiles/htdocs/ui-space/Application/Runtime/Cache/Home/2a94b8bda04ff446dcedd42276fc99ee.php on line 39 and defined /Applications/XAMPP/xamppfiles/htdocs/ui-space/Application/Common/Common/function.php 第 125 行.
NOTIC: [8] Undefined variable: c3 /Applications/XAMPP/xamppfiles/htdocs/ui-space/Application/Common/Common/function.php 第 126 行.
NOTIC: [2] Missing argument 3 for gethomeMenuUrl(), called in /Applications/XAMPP/xamppfiles/htdocs/ui-space/Application/Runtime/Cache/Home/2a94b8bda04ff446dcedd42276fc99ee.php on line 39 and defined /Applications/XAMPP/xamppfiles/htdocs/ui-space/Application/Common/Common/function.php 第 125 行.
NOTIC: [8] Undefined variable: c3 /Applications/XAMPP/xamppfiles/htdocs/ui-space/Application/Common/Common/function.php 第 126 行.
NOTIC: [2] Missing argument 3 for gethomeMenuUrl(), called in /Applications/XAMPP/xamppfiles/htdocs/ui-space/Application/Runtime/Cache/Home/2a94b8bda04ff446dcedd42276fc99ee.php on line 39 and defined /Applications/XAMPP/xamppfiles/htdocs/ui-space/Application/Common/Common/function.php 第 125 行.
NOTIC: [8] Undefined variable: c3 /Applications/XAMPP/xamppfiles/htdocs/ui-space/Application/Common/Common/function.php 第 126 行.
NOTIC: [2] Missing argument 3 for gethomeMenuUrl(), called in /Applications/XAMPP/xamppfiles/htdocs/ui-space/Application/Runtime/Cache/Home/2a94b8bda04ff446dcedd42276fc99ee.php on line 39 and defined /Applications/XAMPP/xamppfiles/htdocs/ui-space/Application/Common/Common/function.php 第 125 行.
NOTIC: [8] Undefined variable: c3 /Applications/XAMPP/xamppfiles/htdocs/ui-space/Application/Common/Common/function.php 第 126 行.
NOTIC: [2] Missing argument 3 for gethomeMenuUrl(), called in /Applications/XAMPP/xamppfiles/htdocs/ui-space/Application/Runtime/Cache/Home/2a94b8bda04ff446dcedd42276fc99ee.php on line 39 and defined /Applications/XAMPP/xamppfiles/htdocs/ui-space/Application/Common/Common/function.php 第 125 行.
NOTIC: [8] Undefined variable: c3 /Applications/XAMPP/xamppfiles/htdocs/ui-space/Application/Common/Common/function.php 第 126 行.
NOTIC: [2] Missing argument 3 for gethomeMenuUrl(), called in /Applications/XAMPP/xamppfiles/htdocs/ui-space/Application/Runtime/Cache/Home/2a94b8bda04ff446dcedd42276fc99ee.php on line 39 and defined /Applications/XAMPP/xamppfiles/htdocs/ui-space/Application/Common/Common/function.php 第 125 行.
NOTIC: [8] Undefined variable: c3 /Applications/XAMPP/xamppfiles/htdocs/ui-space/Application/Common/Common/function.php 第 126 行.
NOTIC: [2] Missing argument 3 for gethomeMenuUrl(), called in /Applications/XAMPP/xamppfiles/htdocs/ui-space/Application/Runtime/Cache/Home/2a94b8bda04ff446dcedd42276fc99ee.php on line 39 and defined /Applications/XAMPP/xamppfiles/htdocs/ui-space/Application/Common/Common/function.php 第 125 行.
NOTIC: [8] Undefined variable: c3 /Applications/XAMPP/xamppfiles/htdocs/ui-space/Application/Common/Common/function.php 第 126 行.
INFO: Run Behavior\ParseTemplateBehavior [ RunTime:0.004527s ]
INFO: [ view_parse ] --END-- [ RunTime:0.004540s ]
INFO: [ view_filter ] --START--
INFO: Run Behavior\WriteHtmlCacheBehavior [ RunTime:0.000369s ]
INFO: [ view_filter ] --END-- [ RunTime:0.000401s ]
INFO: [ app_end ] --START--
INFO: Run Behavior\ShowPageTraceBehavior [ RunTime:0.000473s ]
INFO: [ app_end ] --END-- [ RunTime:0.000511s ]

