[ 2016-10-20T17:22:53+08:00 ] 127.0.0.1 /?f=&s=9&t=10
INFO: [ app_init ] --START--
INFO: Run Behavior\BuildLiteBehavior [ RunTime:0.000005s ]
INFO: [ app_init ] --END-- [ RunTime:0.000145s ]
ERR: 无法加载模块:9

[ 2016-10-20T17:23:10+08:00 ] 127.0.0.1 /?f=&s=9&t=10
INFO: [ app_init ] --START--
INFO: Run Behavior\BuildLiteBehavior [ RunTime:0.000005s ]
INFO: [ app_init ] --END-- [ RunTime:0.000144s ]
ERR: 无法加载模块:9

[ 2016-10-20T17:23:13+08:00 ] 127.0.0.1 /?f=&s=9&t=11
INFO: [ app_init ] --START--
INFO: Run Behavior\BuildLiteBehavior [ RunTime:0.000006s ]
INFO: [ app_init ] --END-- [ RunTime:0.000187s ]
ERR: 无法加载模块:9

[ 2016-10-20T17:23:48+08:00 ] 127.0.0.1 /index?f=&s=9&t=10
INFO: [ app_init ] --START--
INFO: Run Behavior\BuildLiteBehavior [ RunTime:0.000005s ]
INFO: [ app_init ] --END-- [ RunTime:0.000149s ]
ERR: 无法加载模块:9

[ 2016-10-20T17:24:01+08:00 ] 127.0.0.1 /index?f=&s=9&t=10
INFO: [ app_init ] --START--
INFO: Run Behavior\BuildLiteBehavior [ RunTime:0.000007s ]
INFO: [ app_init ] --END-- [ RunTime:0.000186s ]
ERR: 无法加载模块:9

[ 2016-10-20T17:24:04+08:00 ] 127.0.0.1 /index?f=&s=9&t=11
INFO: [ app_init ] --START--
INFO: Run Behavior\BuildLiteBehavior [ RunTime:0.000006s ]
INFO: [ app_init ] --END-- [ RunTime:0.000150s ]
ERR: 无法加载模块:9

[ 2016-10-20T17:24:34+08:00 ] 127.0.0.1 /index?f=&s=9&t=10
INFO: [ app_init ] --START--
INFO: Run Behavior\BuildLiteBehavior [ RunTime:0.000007s ]
INFO: [ app_init ] --END-- [ RunTime:0.000189s ]
ERR: 无法加载模块:9

[ 2016-10-20T17:24:46+08:00 ] 127.0.0.1 /index?f=&s=9&t=10
INFO: [ app_init ] --START--
INFO: Run Behavior\BuildLiteBehavior [ RunTime:0.000005s ]
INFO: [ app_init ] --END-- [ RunTime:0.000162s ]
ERR: 无法加载模块:9

[ 2016-10-20T17:24:48+08:00 ] 127.0.0.1 /f=&s=9&t=12
INFO: [ app_init ] --START--
INFO: Run Behavior\BuildLiteBehavior [ RunTime:0.000005s ]
INFO: [ app_init ] --END-- [ RunTime:0.000146s ]
ERR: 无法加载模块:F=&s=9&t=12

[ 2016-10-20T17:25:24+08:00 ] 127.0.0.1 /f=&s=9&t=12
INFO: [ app_init ] --START--
INFO: Run Behavior\BuildLiteBehavior [ RunTime:0.000021s ]
INFO: [ app_init ] --END-- [ RunTime:0.000219s ]
ERR: 无法加载模块:F=&s=9&t=12

[ 2016-10-20T17:25:26+08:00 ] 127.0.0.1 /f=&s=9&t=10
INFO: [ app_init ] --START--
INFO: Run Behavior\BuildLiteBehavior [ RunTime:0.000006s ]
INFO: [ app_init ] --END-- [ RunTime:0.000166s ]
ERR: 无法加载模块:F=&s=9&t=10

[ 2016-10-20T17:28:20+08:00 ] 127.0.0.1 /f=&s=9&t=10
INFO: [ app_init ] --START--
INFO: Run Behavior\BuildLiteBehavior [ RunTime:0.000005s ]
INFO: [ app_init ] --END-- [ RunTime:0.000151s ]
ERR: 无法加载模块:F=&s=9&t=10

[ 2016-10-20T17:28:41+08:00 ] 127.0.0.1 /f=&s=9&t=10
INFO: [ app_init ] --START--
INFO: Run Behavior\BuildLiteBehavior [ RunTime:0.000004s ]
INFO: [ app_init ] --END-- [ RunTime:0.000147s ]
ERR: 无法加载模块:F=&s=9&t=10

[ 2016-10-20T17:28:42+08:00 ] 127.0.0.1 /f=&s=9&t=10
INFO: [ app_init ] --START--
INFO: Run Behavior\BuildLiteBehavior [ RunTime:0.000005s ]
INFO: [ app_init ] --END-- [ RunTime:0.000146s ]
ERR: 无法加载模块:F=&s=9&t=10

[ 2016-10-20T17:28:45+08:00 ] 127.0.0.1 /f=&s=9&t=12
INFO: [ app_init ] --START--
INFO: Run Behavior\BuildLiteBehavior [ RunTime:0.000004s ]
INFO: [ app_init ] --END-- [ RunTime:0.000148s ]
ERR: 无法加载模块:F=&s=9&t=12

[ 2016-10-20T17:30:51+08:00 ] 127.0.0.1 /f=&s=9&t=10
INFO: [ app_init ] --START--
INFO: Run Behavior\BuildLiteBehavior [ RunTime:0.000004s ]
INFO: [ app_init ] --END-- [ RunTime:0.000181s ]
ERR: 无法加载模块:F=&s=9&t=10

[ 2016-10-20T17:31:26+08:00 ] 127.0.0.1 /ui-space.cn/
INFO: [ app_init ] --START--
INFO: Run Behavior\BuildLiteBehavior [ RunTime:0.000004s ]
INFO: [ app_init ] --END-- [ RunTime:0.000136s ]
ERR: 无法加载模块:Ui-space

[ 2016-10-20T17:31:47+08:00 ] 127.0.0.1 /ui-space.cn/
INFO: [ app_init ] --START--
INFO: Run Behavior\BuildLiteBehavior [ RunTime:0.000005s ]
INFO: [ app_init ] --END-- [ RunTime:0.000154s ]
ERR: 无法加载模块:Ui-space

[ 2016-10-20T17:31:51+08:00 ] 127.0.0.1 /ui-space.cn/?f=&s=9&t=12
INFO: [ app_init ] --START--
INFO: Run Behavior\BuildLiteBehavior [ RunTime:0.000004s ]
INFO: [ app_init ] --END-- [ RunTime:0.000148s ]
ERR: 无法加载模块:9

[ 2016-10-20T17:31:58+08:00 ] 127.0.0.1 /?f=&s=9&t=12
INFO: [ app_init ] --START--
INFO: Run Behavior\BuildLiteBehavior [ RunTime:0.000005s ]
INFO: [ app_init ] --END-- [ RunTime:0.000172s ]
ERR: 无法加载模块:9

[ 2016-10-20T17:32:13+08:00 ] 127.0.0.1 /home.php?f=&s=9&t=12
INFO: [ app_init ] --START--
INFO: Run Behavior\BuildLiteBehavior [ RunTime:0.000006s ]
INFO: [ app_init ] --END-- [ RunTime:0.000155s ]
ERR: 无法加载模块:9

[ 2016-10-20T17:32:24+08:00 ] 127.0.0.1 /home.php?f=1&s=9&t=12
INFO: [ app_init ] --START--
INFO: Run Behavior\BuildLiteBehavior [ RunTime:0.000005s ]
INFO: [ app_init ] --END-- [ RunTime:0.000142s ]
ERR: 无法加载模块:9

[ 2016-10-20T17:33:55+08:00 ] 127.0.0.1 /ui-space.cn/?o=&s=9&t=10
INFO: [ app_init ] --START--
INFO: Run Behavior\BuildLiteBehavior [ RunTime:0.000017s ]
INFO: [ app_init ] --END-- [ RunTime:0.000205s ]
ERR: 无法加载模块:9

[ 2016-10-20T17:34:19+08:00 ] 127.0.0.1 /ui-space.cn/?o=&s=9&t=10
INFO: [ app_init ] --START--
INFO: Run Behavior\BuildLiteBehavior [ RunTime:0.000004s ]
INFO: [ app_init ] --END-- [ RunTime:0.000169s ]
ERR: 无法加载模块:9

[ 2016-10-20T17:36:02+08:00 ] 127.0.0.1 /ui-space.cn/?o=0&s=9&t=10
INFO: [ app_init ] --START--
INFO: Run Behavior\BuildLiteBehavior [ RunTime:0.000005s ]
INFO: [ app_init ] --END-- [ RunTime:0.000160s ]
ERR: 无法加载模块:9

[ 2016-10-20T17:37:01+08:00 ] 127.0.0.1 /ui-space.cn/?o=9&s=10&t=0
INFO: [ app_init ] --START--
INFO: Run Behavior\BuildLiteBehavior [ RunTime:0.000005s ]
INFO: [ app_init ] --END-- [ RunTime:0.000155s ]
ERR: 无法加载模块:10

[ 2016-10-20T17:38:41+08:00 ] 127.0.0.1 /ui-space.cn/?o=9&s=10&t=0
INFO: [ app_init ] --START--
INFO: Run Behavior\BuildLiteBehavior [ RunTime:0.000004s ]
INFO: [ app_init ] --END-- [ RunTime:0.000147s ]
ERR: 无法加载模块:10

[ 2016-10-20T17:38:43+08:00 ] 127.0.0.1 /ui-space.cn/?c=index&o=9&s=11&t=0
INFO: [ app_init ] --START--
INFO: Run Behavior\BuildLiteBehavior [ RunTime:0.000005s ]
INFO: [ app_init ] --END-- [ RunTime:0.000149s ]
ERR: 无法加载模块:11

[ 2016-10-20T17:38:49+08:00 ] 127.0.0.1 /?c=index&o=9&s=11&t=0
INFO: [ app_init ] --START--
INFO: Run Behavior\BuildLiteBehavior [ RunTime:0.000005s ]
INFO: [ app_init ] --END-- [ RunTime:0.000165s ]
ERR: 无法加载模块:11

[ 2016-10-20T17:39:06+08:00 ] 127.0.0.1 /home.php?c=index&o=9&s=11&t=0
INFO: [ app_init ] --START--
INFO: Run Behavior\BuildLiteBehavior [ RunTime:0.000005s ]
INFO: [ app_init ] --END-- [ RunTime:0.000155s ]
ERR: 无法加载模块:11

[ 2016-10-20T17:39:17+08:00 ] 127.0.0.1 /admin.php?c=index&o=9&s=11&t=0
INFO: [ app_init ] --START--
INFO: Run Behavior\BuildLiteBehavior [ RunTime:0.000005s ]
INFO: [ app_init ] --END-- [ RunTime:0.000154s ]
ERR: 无法加载模块:11

[ 2016-10-20T17:39:56+08:00 ] 127.0.0.1 /admin.php?c=index&&o=9&s=11&t=0
INFO: [ app_init ] --START--
INFO: Run Behavior\BuildLiteBehavior [ RunTime:0.000005s ]
INFO: [ app_init ] --END-- [ RunTime:0.000139s ]
ERR: 无法加载模块:11

[ 2016-10-20T17:42:37+08:00 ] 127.0.0.1 /ui-space.cn/home.php?c=index&t=0?c=index&c1=9&c2=10&c3=0
INFO: [ app_init ] --START--
INFO: Run Behavior\BuildLiteBehavior [ RunTime:0.000005s ]
INFO: [ app_init ] --END-- [ RunTime:0.000148s ]
ERR: 无法加载模块:Ui-space.cn

[ 2016-10-20T17:44:04+08:00 ] 127.0.0.1 /c=index&c1=9&c2=1&c3=0
INFO: [ app_init ] --START--
INFO: Run Behavior\BuildLiteBehavior [ RunTime:0.000004s ]
INFO: [ app_init ] --END-- [ RunTime:0.000138s ]
ERR: 无法加载模块:C=index&c1=9&c2=1&c3=0

