[ 2016-10-11T10:46:42+08:00 ] 127.0.0.1 /admin.php?c=class&a=two
INFO: [ app_init ] --START--
INFO: Run Behavior\BuildLiteBehavior [ RunTime:0.000008s ]
INFO: [ app_init ] --END-- [ RunTime:0.000338s ]
INFO: [ app_begin ] --START--
INFO: Run Behavior\ReadHtmlCacheBehavior [ RunTime:0.000415s ]
INFO: [ app_begin ] --END-- [ RunTime:0.000446s ]
NOTIC: [8] Undefined index: p /Applications/XAMPP/xamppfiles/htdocs/ui-space/Application/Admin/Controller/ClassController.class.php 第 15 行.
NOTIC: [8] Undefined index: pageSize /Applications/XAMPP/xamppfiles/htdocs/ui-space/Application/Admin/Controller/ClassController.class.php 第 16 行.
SQL: SHOW COLUMNS FROM `us_class` [ RunTime:0.0003s ]
NOTIC: [8] Undefined index: status /Applications/XAMPP/xamppfiles/htdocs/ui-space/Application/Common/Model/ClassModel.class.php 第 23 行.
SQL: SELECT * FROM `us_class` WHERE `type` = 2 AND `status` <> -1 ORDER BY listorder desc, class_id asc LIMIT 0,10   [ RunTime:0.0002s ]
SQL: SELECT * FROM `us_class` WHERE `class_id` = '1'  [ RunTime:0.0002s ]
NOTIC: [8] Undefined index: class_name /Applications/XAMPP/xamppfiles/htdocs/ui-space/Application/Common/Model/ClassModel.class.php 第 37 行.
SQL: SELECT * FROM `us_class` WHERE `class_id` = '1'  [ RunTime:0.0001s ]
NOTIC: [8] Undefined index: class_name /Applications/XAMPP/xamppfiles/htdocs/ui-space/Application/Common/Model/ClassModel.class.php 第 37 行.
SQL: SELECT * FROM `us_class` WHERE `class_id` = '1'  [ RunTime:0.0002s ]
NOTIC: [8] Undefined index: class_name /Applications/XAMPP/xamppfiles/htdocs/ui-space/Application/Common/Model/ClassModel.class.php 第 37 行.
NOTIC: [8] Undefined index: status /Applications/XAMPP/xamppfiles/htdocs/ui-space/Application/Common/Model/ClassModel.class.php 第 44 行.
SQL: SELECT COUNT(*) AS tp_count FROM `us_class` WHERE `type` = 2 AND `status` <> -1 LIMIT 1   [ RunTime:0.0001s ]
INFO: [ view_parse ] --START--
INFO: [ template_filter ] --START--
INFO: Run Behavior\ContentReplaceBehavior [ RunTime:0.000041s ]
INFO: [ template_filter ] --END-- [ RunTime:0.000061s ]
SQL: SHOW COLUMNS FROM `us_menu` [ RunTime:0.0004s ]
SQL: SELECT * FROM `us_menu` WHERE `status` <> -1 ORDER BY listorder desc,menu_id asc  [ RunTime:0.0002s ]
NOTIC: [2] Missing argument 2 for getActive(), called in /Applications/XAMPP/xamppfiles/htdocs/ui-space/Application/Runtime/Cache/Admin/d226dc04610e76ef6af5711bccd551e3.php on line 76 and defined /Applications/XAMPP/xamppfiles/htdocs/ui-space/Application/Common/Common/function.php 第 47 行.
NOTIC: [8] Array to string conversion /Applications/XAMPP/xamppfiles/htdocs/ui-space/Application/Runtime/Cache/Admin/d226dc04610e76ef6af5711bccd551e3.php 第 102 行.
NOTIC: [8] Undefined variable: menu /Applications/XAMPP/xamppfiles/htdocs/ui-space/Application/Runtime/Cache/Admin/d226dc04610e76ef6af5711bccd551e3.php 第 130 行.
NOTIC: [8] Undefined index: class_parent_name /Applications/XAMPP/xamppfiles/htdocs/ui-space/Application/Runtime/Cache/Admin/d226dc04610e76ef6af5711bccd551e3.php 第 133 行.
NOTIC: [8] Undefined variable: menu /Applications/XAMPP/xamppfiles/htdocs/ui-space/Application/Runtime/Cache/Admin/d226dc04610e76ef6af5711bccd551e3.php 第 135 行.
NOTIC: [8] Undefined variable: menu /Applications/XAMPP/xamppfiles/htdocs/ui-space/Application/Runtime/Cache/Admin/d226dc04610e76ef6af5711bccd551e3.php 第 135 行.
NOTIC: [8] Undefined variable: menu /Applications/XAMPP/xamppfiles/htdocs/ui-space/Application/Runtime/Cache/Admin/d226dc04610e76ef6af5711bccd551e3.php 第 130 行.
NOTIC: [8] Undefined index: class_parent_name /Applications/XAMPP/xamppfiles/htdocs/ui-space/Application/Runtime/Cache/Admin/d226dc04610e76ef6af5711bccd551e3.php 第 133 行.
NOTIC: [8] Undefined variable: menu /Applications/XAMPP/xamppfiles/htdocs/ui-space/Application/Runtime/Cache/Admin/d226dc04610e76ef6af5711bccd551e3.php 第 135 行.
NOTIC: [8] Undefined variable: menu /Applications/XAMPP/xamppfiles/htdocs/ui-space/Application/Runtime/Cache/Admin/d226dc04610e76ef6af5711bccd551e3.php 第 135 行.
NOTIC: [8] Undefined variable: menu /Applications/XAMPP/xamppfiles/htdocs/ui-space/Application/Runtime/Cache/Admin/d226dc04610e76ef6af5711bccd551e3.php 第 130 行.
NOTIC: [8] Undefined index: class_parent_name /Applications/XAMPP/xamppfiles/htdocs/ui-space/Application/Runtime/Cache/Admin/d226dc04610e76ef6af5711bccd551e3.php 第 133 行.
NOTIC: [8] Undefined variable: menu /Applications/XAMPP/xamppfiles/htdocs/ui-space/Application/Runtime/Cache/Admin/d226dc04610e76ef6af5711bccd551e3.php 第 135 行.
NOTIC: [8] Undefined variable: menu /Applications/XAMPP/xamppfiles/htdocs/ui-space/Application/Runtime/Cache/Admin/d226dc04610e76ef6af5711bccd551e3.php 第 135 行.
INFO: Run Behavior\ParseTemplateBehavior [ RunTime:0.006361s ]
INFO: [ view_parse ] --END-- [ RunTime:0.006376s ]
INFO: [ view_filter ] --START--
INFO: Run Behavior\WriteHtmlCacheBehavior [ RunTime:0.000225s ]
INFO: [ view_filter ] --END-- [ RunTime:0.000241s ]
INFO: [ app_end ] --START--
INFO: Run Behavior\ShowPageTraceBehavior [ RunTime:0.000466s ]
INFO: [ app_end ] --END-- [ RunTime:0.000487s ]

[ 2016-10-11T10:46:43+08:00 ] 127.0.0.1 /admin.php?c=class&a=one
INFO: [ app_init ] --START--
INFO: Run Behavior\BuildLiteBehavior [ RunTime:0.000008s ]
INFO: [ app_init ] --END-- [ RunTime:0.000207s ]
INFO: [ app_begin ] --START--
INFO: Run Behavior\ReadHtmlCacheBehavior [ RunTime:0.000181s ]
INFO: [ app_begin ] --END-- [ RunTime:0.000198s ]
NOTIC: [8] Undefined index: p /Applications/XAMPP/xamppfiles/htdocs/ui-space/Application/Admin/Controller/ClassController.class.php 第 15 行.
NOTIC: [8] Undefined index: pageSize /Applications/XAMPP/xamppfiles/htdocs/ui-space/Application/Admin/Controller/ClassController.class.php 第 16 行.
SQL: SHOW COLUMNS FROM `us_class` [ RunTime:0.0005s ]
NOTIC: [8] Undefined index: status /Applications/XAMPP/xamppfiles/htdocs/ui-space/Application/Common/Model/ClassModel.class.php 第 23 行.
SQL: SELECT * FROM `us_class` WHERE `type` = 1 AND `status` <> -1 ORDER BY listorder desc, class_id asc LIMIT 0,10   [ RunTime:0.0003s ]
SQL: SELECT * FROM `us_class` WHERE `class_id` = '0'  [ RunTime:0.0002s ]
NOTIC: [8] Undefined index: class_name /Applications/XAMPP/xamppfiles/htdocs/ui-space/Application/Common/Model/ClassModel.class.php 第 37 行.
SQL: SELECT * FROM `us_class` WHERE `class_id` = '0'  [ RunTime:0.0002s ]
NOTIC: [8] Undefined index: class_name /Applications/XAMPP/xamppfiles/htdocs/ui-space/Application/Common/Model/ClassModel.class.php 第 37 行.
SQL: SELECT * FROM `us_class` WHERE `class_id` = '0'  [ RunTime:0.0002s ]
NOTIC: [8] Undefined index: class_name /Applications/XAMPP/xamppfiles/htdocs/ui-space/Application/Common/Model/ClassModel.class.php 第 37 行.
NOTIC: [8] Undefined index: status /Applications/XAMPP/xamppfiles/htdocs/ui-space/Application/Common/Model/ClassModel.class.php 第 44 行.
SQL: SELECT COUNT(*) AS tp_count FROM `us_class` WHERE `type` = 1 AND `status` <> -1 LIMIT 1   [ RunTime:0.0002s ]
INFO: [ view_parse ] --START--
INFO: [ template_filter ] --START--
INFO: Run Behavior\ContentReplaceBehavior [ RunTime:0.000059s ]
INFO: [ template_filter ] --END-- [ RunTime:0.000075s ]
SQL: SHOW COLUMNS FROM `us_menu` [ RunTime:0.0004s ]
SQL: SELECT * FROM `us_menu` WHERE `status` <> -1 ORDER BY listorder desc,menu_id asc  [ RunTime:0.0003s ]
NOTIC: [2] Missing argument 2 for getActive(), called in /Applications/XAMPP/xamppfiles/htdocs/ui-space/Application/Runtime/Cache/Admin/d226dc04610e76ef6af5711bccd551e3.php on line 76 and defined /Applications/XAMPP/xamppfiles/htdocs/ui-space/Application/Common/Common/function.php 第 47 行.
NOTIC: [8] Array to string conversion /Applications/XAMPP/xamppfiles/htdocs/ui-space/Application/Runtime/Cache/Admin/d226dc04610e76ef6af5711bccd551e3.php 第 102 行.
NOTIC: [8] Undefined variable: menu /Applications/XAMPP/xamppfiles/htdocs/ui-space/Application/Runtime/Cache/Admin/d226dc04610e76ef6af5711bccd551e3.php 第 130 行.
NOTIC: [8] Undefined index: class_parent_name /Applications/XAMPP/xamppfiles/htdocs/ui-space/Application/Runtime/Cache/Admin/d226dc04610e76ef6af5711bccd551e3.php 第 133 行.
NOTIC: [8] Undefined variable: menu /Applications/XAMPP/xamppfiles/htdocs/ui-space/Application/Runtime/Cache/Admin/d226dc04610e76ef6af5711bccd551e3.php 第 135 行.
NOTIC: [8] Undefined variable: menu /Applications/XAMPP/xamppfiles/htdocs/ui-space/Application/Runtime/Cache/Admin/d226dc04610e76ef6af5711bccd551e3.php 第 135 行.
NOTIC: [8] Undefined variable: menu /Applications/XAMPP/xamppfiles/htdocs/ui-space/Application/Runtime/Cache/Admin/d226dc04610e76ef6af5711bccd551e3.php 第 130 行.
NOTIC: [8] Undefined index: class_parent_name /Applications/XAMPP/xamppfiles/htdocs/ui-space/Application/Runtime/Cache/Admin/d226dc04610e76ef6af5711bccd551e3.php 第 133 行.
NOTIC: [8] Undefined variable: menu /Applications/XAMPP/xamppfiles/htdocs/ui-space/Application/Runtime/Cache/Admin/d226dc04610e76ef6af5711bccd551e3.php 第 135 行.
NOTIC: [8] Undefined variable: menu /Applications/XAMPP/xamppfiles/htdocs/ui-space/Application/Runtime/Cache/Admin/d226dc04610e76ef6af5711bccd551e3.php 第 135 行.
NOTIC: [8] Undefined variable: menu /Applications/XAMPP/xamppfiles/htdocs/ui-space/Application/Runtime/Cache/Admin/d226dc04610e76ef6af5711bccd551e3.php 第 130 行.
NOTIC: [8] Undefined index: class_parent_name /Applications/XAMPP/xamppfiles/htdocs/ui-space/Application/Runtime/Cache/Admin/d226dc04610e76ef6af5711bccd551e3.php 第 133 行.
NOTIC: [8] Undefined variable: menu /Applications/XAMPP/xamppfiles/htdocs/ui-space/Application/Runtime/Cache/Admin/d226dc04610e76ef6af5711bccd551e3.php 第 135 行.
NOTIC: [8] Undefined variable: menu /Applications/XAMPP/xamppfiles/htdocs/ui-space/Application/Runtime/Cache/Admin/d226dc04610e76ef6af5711bccd551e3.php 第 135 行.
INFO: Run Behavior\ParseTemplateBehavior [ RunTime:0.005285s ]
INFO: [ view_parse ] --END-- [ RunTime:0.005301s ]
INFO: [ view_filter ] --START--
INFO: Run Behavior\WriteHtmlCacheBehavior [ RunTime:0.000086s ]
INFO: [ view_filter ] --END-- [ RunTime:0.000098s ]
INFO: [ app_end ] --START--
INFO: Run Behavior\ShowPageTraceBehavior [ RunTime:0.000245s ]
INFO: [ app_end ] --END-- [ RunTime:0.000262s ]

[ 2016-10-11T10:46:44+08:00 ] 127.0.0.1 /admin.php?c=class&a=add&type=1
INFO: [ app_init ] --START--
INFO: Run Behavior\BuildLiteBehavior [ RunTime:0.000005s ]
INFO: [ app_init ] --END-- [ RunTime:0.000156s ]
INFO: [ app_begin ] --START--
INFO: Run Behavior\ReadHtmlCacheBehavior [ RunTime:0.000187s ]
INFO: [ app_begin ] --END-- [ RunTime:0.000214s ]
SQL: SHOW COLUMNS FROM `us_class` [ RunTime:0.0004s ]
NOTIC: [8] Undefined index: status /Applications/XAMPP/xamppfiles/htdocs/ui-space/Application/Common/Model/ClassModel.class.php 第 23 行.
SQL: SELECT * FROM `us_class` WHERE `type` = 0 AND `status` <> -1 ORDER BY listorder desc, class_id asc LIMIT 0,100   [ RunTime:0.0003s ]
INFO: [ view_parse ] --START--
INFO: [ template_filter ] --START--
INFO: Run Behavior\ContentReplaceBehavior [ RunTime:0.000042s ]
INFO: [ template_filter ] --END-- [ RunTime:0.000060s ]
SQL: SHOW COLUMNS FROM `us_menu` [ RunTime:0.0004s ]
SQL: SELECT * FROM `us_menu` WHERE `status` <> -1 ORDER BY listorder desc,menu_id asc  [ RunTime:0.0003s ]
NOTIC: [2] Missing argument 2 for getActive(), called in /Applications/XAMPP/xamppfiles/htdocs/ui-space/Application/Runtime/Cache/Admin/d286018232c5c29b8dc537d94a135890.php on line 77 and defined /Applications/XAMPP/xamppfiles/htdocs/ui-space/Application/Common/Common/function.php 第 47 行.
INFO: Run Behavior\ParseTemplateBehavior [ RunTime:0.006669s ]
INFO: [ view_parse ] --END-- [ RunTime:0.006685s ]
INFO: [ view_filter ] --START--
INFO: Run Behavior\WriteHtmlCacheBehavior [ RunTime:0.000112s ]
INFO: [ view_filter ] --END-- [ RunTime:0.000127s ]
INFO: [ app_end ] --START--
INFO: Run Behavior\ShowPageTraceBehavior [ RunTime:0.000278s ]
INFO: [ app_end ] --END-- [ RunTime:0.000296s ]

[ 2016-10-11T10:47:18+08:00 ] 127.0.0.1 /admin.php?c=class&a=add&type=1
INFO: [ app_init ] --START--
INFO: Run Behavior\BuildLiteBehavior [ RunTime:0.000005s ]
INFO: [ app_init ] --END-- [ RunTime:0.000268s ]
INFO: [ app_begin ] --START--
INFO: Run Behavior\ReadHtmlCacheBehavior [ RunTime:0.000360s ]
INFO: [ app_begin ] --END-- [ RunTime:0.000380s ]
SQL: SHOW COLUMNS FROM `us_class` [ RunTime:0.0003s ]
ERR: 1052:Column 'parent_id' in where clause is ambiguous
 [ SQL语句 ] : SELECT * FROM `us_class` left join us_class b on class_id = b.parent_id left join us_class c on b.class_id = c.parent_id where parent_id = 0  
ERR: 1052:Column 'parent_id' in where clause is ambiguous
 [ SQL语句 ] : SELECT * FROM `us_class` left join us_class b on class_id = b.parent_id left join us_class c on b.class_id = c.parent_id where parent_id = 0  

[ 2016-10-11T10:49:58+08:00 ] 127.0.0.1 /admin.php?c=class&a=add&type=1
INFO: [ app_init ] --START--
INFO: Run Behavior\BuildLiteBehavior [ RunTime:0.000006s ]
INFO: [ app_init ] --END-- [ RunTime:0.000165s ]
INFO: [ app_begin ] --START--
INFO: Run Behavior\ReadHtmlCacheBehavior [ RunTime:0.000204s ]
INFO: [ app_begin ] --END-- [ RunTime:0.000226s ]
SQL: SHOW COLUMNS FROM `us_class` [ RunTime:0.0005s ]
SQL: SELECT * FROM `us_class` a left join us_class b on a.class_id = b.parent_id left join us_class c on b.class_id = c.parent_id where a.parent_id = 0   [ RunTime:0.0003s ]

[ 2016-10-11T11:51:20+08:00 ] 127.0.0.1 /admin.php?c=class&a=add&type=1
INFO: [ app_init ] --START--
INFO: Run Behavior\BuildLiteBehavior [ RunTime:0.000006s ]
INFO: [ app_init ] --END-- [ RunTime:0.000298s ]
INFO: [ app_begin ] --START--
INFO: Run Behavior\ReadHtmlCacheBehavior [ RunTime:0.000481s ]
INFO: [ app_begin ] --END-- [ RunTime:0.000514s ]
SQL: SHOW COLUMNS FROM `us_class` [ RunTime:0.0003s ]
SQL: SHOW COLUMNS FROM `us_class` [ RunTime:0.0003s ]
ERR: 1054:Unknown column 'a.class_id' in 'where clause'
 [ SQL语句 ] : SELECT * FROM `us_class` `b` WHERE ( a.class_id = b.parent_id ) 
ERR: 1054:Unknown column 'a.class_id' in 'where clause'
 [ SQL语句 ] : SELECT * FROM `us_class` `b` WHERE ( a.class_id = b.parent_id ) 

[ 2016-10-11T11:53:27+08:00 ] 127.0.0.1 /admin.php?c=class&a=add&type=1
INFO: [ app_init ] --START--
INFO: Run Behavior\BuildLiteBehavior [ RunTime:0.000005s ]
INFO: [ app_init ] --END-- [ RunTime:0.000162s ]
INFO: [ app_begin ] --START--
INFO: Run Behavior\ReadHtmlCacheBehavior [ RunTime:0.000208s ]
INFO: [ app_begin ] --END-- [ RunTime:0.000223s ]
SQL: SHOW COLUMNS FROM `us_class` [ RunTime:0.0005s ]
SQL: SELECT * FROM `us_class` a right join us_class b on a.class_id = b.parent_id right join us_class c on b.class_id = c.parent_id where a.parent_id = 0   [ RunTime:0.0032s ]

[ 2016-10-11T11:55:20+08:00 ] 127.0.0.1 /admin.php?c=class&a=add&type=1
INFO: [ app_init ] --START--
INFO: Run Behavior\BuildLiteBehavior [ RunTime:0.000011s ]
INFO: [ app_init ] --END-- [ RunTime:0.000283s ]
INFO: [ app_begin ] --START--
INFO: Run Behavior\ReadHtmlCacheBehavior [ RunTime:0.000229s ]
INFO: [ app_begin ] --END-- [ RunTime:0.000252s ]
SQL: SHOW COLUMNS FROM `us_class` [ RunTime:0.0004s ]
SQL: SELECT * FROM `us_class` WHERE ( class_id=0 )  [ RunTime:0.0002s ]

[ 2016-10-11T11:55:35+08:00 ] 127.0.0.1 /admin.php?c=class&a=add&type=1
INFO: [ app_init ] --START--
INFO: Run Behavior\BuildLiteBehavior [ RunTime:0.000005s ]
INFO: [ app_init ] --END-- [ RunTime:0.000207s ]
INFO: [ app_begin ] --START--
INFO: Run Behavior\ReadHtmlCacheBehavior [ RunTime:0.000188s ]
INFO: [ app_begin ] --END-- [ RunTime:0.000205s ]
SQL: SHOW COLUMNS FROM `us_class` [ RunTime:0.0025s ]
SQL: SELECT * FROM `us_class` WHERE ( parent_id=0 )  [ RunTime:0.0002s ]

[ 2016-10-11T14:50:20+08:00 ] 127.0.0.1 /admin.php?c=class&a=add&type=1
INFO: [ app_init ] --START--
INFO: Run Behavior\BuildLiteBehavior [ RunTime:0.000006s ]
INFO: [ app_init ] --END-- [ RunTime:0.000275s ]
INFO: [ app_begin ] --START--
INFO: Run Behavior\ReadHtmlCacheBehavior [ RunTime:0.000463s ]
INFO: [ app_begin ] --END-- [ RunTime:0.000483s ]
SQL: SHOW COLUMNS FROM `us_class` [ RunTime:0.0004s ]
SQL: SELECT * FROM `us_class` WHERE `parent_id` = 0 AND `status` = 1 ORDER BY listorder desc, class_id asc  [ RunTime:0.0003s ]
NOTIC: [8] Use of undefined constant class_id - assumed 'class_id' /Applications/XAMPP/xamppfiles/htdocs/ui-space/Application/Common/Model/classModel.class.php 第 72 行.
NOTIC: [8] Array to string conversion /Applications/XAMPP/xamppfiles/htdocs/ui-space/Application/Common/Model/classModel.class.php 第 72 行.
NOTIC: [2] Missing argument 1 for Think\Model::where(), called in /Applications/XAMPP/xamppfiles/htdocs/ui-space/Application/Common/Model/classModel.class.php on line 75 and defined /Applications/XAMPP/xamppfiles/htdocs/ui-space/ThinkPHP/Library/Think/Model.class.php 第 1797 行.
NOTIC: [8] Undefined variable: where /Applications/XAMPP/xamppfiles/htdocs/ui-space/ThinkPHP/Library/Think/Model.class.php 第 1805 行.
NOTIC: [8] Undefined variable: where /Applications/XAMPP/xamppfiles/htdocs/ui-space/ThinkPHP/Library/Think/Model.class.php 第 1808 行.
NOTIC: [8] Undefined variable: where /Applications/XAMPP/xamppfiles/htdocs/ui-space/ThinkPHP/Library/Think/Model.class.php 第 1816 行.
SQL: SELECT * FROM `us_class`  [ RunTime:0.0002s ]
ERR: Call to a member function order() on array

[ 2016-10-11T14:50:56+08:00 ] 127.0.0.1 /admin.php?c=class&a=add&type=1
INFO: [ app_init ] --START--
INFO: Run Behavior\BuildLiteBehavior [ RunTime:0.000005s ]
INFO: [ app_init ] --END-- [ RunTime:0.000175s ]
INFO: [ app_begin ] --START--
INFO: Run Behavior\ReadHtmlCacheBehavior [ RunTime:0.000230s ]
INFO: [ app_begin ] --END-- [ RunTime:0.000248s ]
SQL: SHOW COLUMNS FROM `us_class` [ RunTime:0.0004s ]
SQL: SELECT * FROM `us_class` WHERE `parent_id` = 0 AND `status` = 1 ORDER BY listorder desc, class_id asc  [ RunTime:0.0003s ]
NOTIC: [8] Use of undefined constant class_id - assumed 'class_id' /Applications/XAMPP/xamppfiles/htdocs/ui-space/Application/Common/Model/classModel.class.php 第 72 行.
NOTIC: [8] Array to string conversion /Applications/XAMPP/xamppfiles/htdocs/ui-space/Application/Common/Model/classModel.class.php 第 72 行.
SQL: SELECT * FROM `us_class` WHERE `parent_id` = 'Arrayclass_id' AND `status` = 1 ORDER BY listorder desc, class_id asc  [ RunTime:0.0002s ]
NOTIC: [8] Use of undefined constant class_id - assumed 'class_id' /Applications/XAMPP/xamppfiles/htdocs/ui-space/Application/Common/Model/classModel.class.php 第 72 行.
NOTIC: [8] Array to string conversion /Applications/XAMPP/xamppfiles/htdocs/ui-space/Application/Common/Model/classModel.class.php 第 72 行.
SQL: SELECT * FROM `us_class` WHERE `parent_id` = 'Arrayclass_id' AND `status` = 1 ORDER BY listorder desc, class_id asc  [ RunTime:0.0002s ]
NOTIC: [8] Use of undefined constant class_id - assumed 'class_id' /Applications/XAMPP/xamppfiles/htdocs/ui-space/Application/Common/Model/classModel.class.php 第 72 行.
NOTIC: [8] Array to string conversion /Applications/XAMPP/xamppfiles/htdocs/ui-space/Application/Common/Model/classModel.class.php 第 72 行.
SQL: SELECT * FROM `us_class` WHERE `parent_id` = 'Arrayclass_id' AND `status` = 1 ORDER BY listorder desc, class_id asc  [ RunTime:0.0002s ]

[ 2016-10-11T14:51:42+08:00 ] 127.0.0.1 /admin.php?c=class&a=add&type=1
INFO: [ app_init ] --START--
INFO: Run Behavior\BuildLiteBehavior [ RunTime:0.000005s ]
INFO: [ app_init ] --END-- [ RunTime:0.000154s ]
INFO: [ app_begin ] --START--
INFO: Run Behavior\ReadHtmlCacheBehavior [ RunTime:0.000184s ]
INFO: [ app_begin ] --END-- [ RunTime:0.000201s ]
SQL: SHOW COLUMNS FROM `us_class` [ RunTime:0.0005s ]
SQL: SELECT * FROM `us_class` WHERE `parent_id` = 0 AND `status` = 1 ORDER BY listorder desc, class_id asc  [ RunTime:0.0002s ]
SQL: SELECT * FROM `us_class` WHERE `parent_id` = '1' AND `status` = 1 ORDER BY listorder desc, class_id asc  [ RunTime:0.0002s ]
SQL: SELECT * FROM `us_class` WHERE `parent_id` = '2' AND `status` = 1 ORDER BY listorder desc, class_id asc  [ RunTime:0.0002s ]
SQL: SELECT * FROM `us_class` WHERE `parent_id` = '3' AND `status` = 1 ORDER BY listorder desc, class_id asc  [ RunTime:0.0003s ]

[ 2016-10-11T14:53:21+08:00 ] 127.0.0.1 /admin.php?c=class&a=add&type=3
INFO: [ app_init ] --START--
INFO: Run Behavior\BuildLiteBehavior [ RunTime:0.000005s ]
INFO: [ app_init ] --END-- [ RunTime:0.000158s ]
INFO: [ app_begin ] --START--
INFO: Run Behavior\ReadHtmlCacheBehavior [ RunTime:0.000182s ]
INFO: [ app_begin ] --END-- [ RunTime:0.000198s ]
SQL: SHOW COLUMNS FROM `us_class` [ RunTime:0.0004s ]
SQL: SELECT * FROM `us_class` WHERE `parent_id` = 0 AND `status` = 1 ORDER BY listorder desc, class_id asc  [ RunTime:0.0026s ]
SQL: SELECT * FROM `us_class` WHERE `parent_id` = '1' AND `status` = 1 ORDER BY listorder desc, class_id asc  [ RunTime:0.0004s ]
SQL: SELECT * FROM `us_class` WHERE `parent_id` = '2' AND `status` = 1 ORDER BY listorder desc, class_id asc  [ RunTime:0.0003s ]
SQL: SELECT * FROM `us_class` WHERE `parent_id` = '3' AND `status` = 1 ORDER BY listorder desc, class_id asc  [ RunTime:0.0002s ]

[ 2016-10-11T15:04:09+08:00 ] 127.0.0.1 /admin.php?c=class&a=add&type=3
INFO: [ app_init ] --START--
INFO: Run Behavior\BuildLiteBehavior [ RunTime:0.000005s ]
INFO: [ app_init ] --END-- [ RunTime:0.000155s ]
INFO: [ app_begin ] --START--
INFO: Run Behavior\ReadHtmlCacheBehavior [ RunTime:0.000263s ]
INFO: [ app_begin ] --END-- [ RunTime:0.000285s ]
SQL: SHOW COLUMNS FROM `us_class` [ RunTime:0.0004s ]
SQL: SELECT * FROM `us_class` WHERE `parent_id` = 0 AND `status` = 1 ORDER BY listorder desc, class_id asc  [ RunTime:0.0002s ]
SQL: SELECT * FROM `us_class` WHERE `parent_id` = '1' AND `status` = 1 ORDER BY listorder desc, class_id asc  [ RunTime:0.0002s ]
SQL: SELECT * FROM `us_class` WHERE `parent_id` = '2' AND `status` = 1 ORDER BY listorder desc, class_id asc  [ RunTime:0.0002s ]
SQL: SELECT * FROM `us_class` WHERE `parent_id` = '3' AND `status` = 1 ORDER BY listorder desc, class_id asc  [ RunTime:0.0002s ]

[ 2016-10-11T15:05:51+08:00 ] 127.0.0.1 /admin.php?c=class&a=add&type=3
INFO: [ app_init ] --START--
INFO: Run Behavior\BuildLiteBehavior [ RunTime:0.000005s ]
INFO: [ app_init ] --END-- [ RunTime:0.000178s ]
INFO: [ app_begin ] --START--
INFO: Run Behavior\ReadHtmlCacheBehavior [ RunTime:0.000193s ]
INFO: [ app_begin ] --END-- [ RunTime:0.000209s ]
SQL: SHOW COLUMNS FROM `us_class` [ RunTime:0.0004s ]
SQL: SELECT * FROM `us_class` WHERE `parent_id` = 0 AND `status` = 1 ORDER BY listorder desc, class_id asc  [ RunTime:0.0003s ]
SQL: SELECT * FROM `us_class` WHERE `parent_id` = '1' AND `status` = 1 ORDER BY listorder desc, class_id asc  [ RunTime:0.0003s ]
SQL: SELECT * FROM `us_class` WHERE `parent_id` = '2' AND `status` = 1 ORDER BY listorder desc, class_id asc  [ RunTime:0.0002s ]
SQL: SELECT * FROM `us_class` WHERE `parent_id` = '3' AND `status` = 1 ORDER BY listorder desc, class_id asc  [ RunTime:0.0002s ]

[ 2016-10-11T15:07:22+08:00 ] 127.0.0.1 /admin.php?c=class&a=add&type=3
INFO: [ app_init ] --START--
INFO: Run Behavior\BuildLiteBehavior [ RunTime:0.000005s ]
INFO: [ app_init ] --END-- [ RunTime:0.000179s ]
INFO: [ app_begin ] --START--
INFO: Run Behavior\ReadHtmlCacheBehavior [ RunTime:0.000190s ]
INFO: [ app_begin ] --END-- [ RunTime:0.000207s ]
SQL: SHOW COLUMNS FROM `us_class` [ RunTime:0.0005s ]
SQL: SELECT * FROM `us_class` WHERE `parent_id` = 0 AND `status` = 1 ORDER BY listorder desc, class_id asc  [ RunTime:0.0003s ]
SQL: SELECT * FROM `us_class` WHERE `parent_id` = '1' AND `status` = 1 ORDER BY listorder desc, class_id asc  [ RunTime:0.0002s ]
SQL: SELECT * FROM `us_class` WHERE `parent_id` = '2' AND `status` = 1 ORDER BY listorder desc, class_id asc  [ RunTime:0.0002s ]
SQL: SELECT * FROM `us_class` WHERE `parent_id` = '3' AND `status` = 1 ORDER BY listorder desc, class_id asc  [ RunTime:0.0002s ]

[ 2016-10-11T15:11:24+08:00 ] 127.0.0.1 /admin.php?c=class&a=add&type=3
INFO: [ app_init ] --START--
INFO: Run Behavior\BuildLiteBehavior [ RunTime:0.000005s ]
INFO: [ app_init ] --END-- [ RunTime:0.000151s ]
INFO: [ app_begin ] --START--
INFO: Run Behavior\ReadHtmlCacheBehavior [ RunTime:0.000202s ]
INFO: [ app_begin ] --END-- [ RunTime:0.000219s ]
SQL: SHOW COLUMNS FROM `us_class` [ RunTime:0.0004s ]
SQL: SELECT * FROM `us_class` WHERE `parent_id` = 0 AND `status` = 1 ORDER BY listorder desc, class_id asc  [ RunTime:0.0003s ]
SQL: SELECT * FROM `us_class` WHERE `parent_id` = '1' AND `status` = 1 ORDER BY listorder desc, class_id asc  [ RunTime:0.0002s ]
SQL: SELECT * FROM `us_class` WHERE `parent_id` = '2' AND `status` = 1 ORDER BY listorder desc, class_id asc  [ RunTime:0.0002s ]
SQL: SELECT * FROM `us_class` WHERE `parent_id` = '3' AND `status` = 1 ORDER BY listorder desc, class_id asc  [ RunTime:0.0002s ]

